<?xml version="1.0" encoding="UTF-8"?>
<!-- Generated by org.testng.reporters.JUnitXMLReporter -->
<testsuite ignored="0" hostname="Gopi-PC" failures="1" tests="3" name="Test" time="42.945" errors="0" timestamp="2024-03-23T18:45:16 IST">
  <testcase classname="RedBus.Tests.FooterLinksTest" name="footerLinksChecking" time="0.556">
    <failure type="junit.framework.AssertionFailedError" message="expected:&amp;lt;20&amp;gt; but was:&amp;lt;28&amp;gt;">
      <![CDATA[junit.framework.AssertionFailedError: expected:<20> but was:<28>
at junit.framework.Assert.fail(Assert.java:47)
at junit.framework.Assert.failNotEquals(Assert.java:282)
at junit.framework.Assert.assertEquals(Assert.java:64)
at junit.framework.Assert.assertEquals(Assert.java:201)
at junit.framework.Assert.assertEquals(Assert.java:207)
at RedBus.Tests.FooterLinksTest.footerLinksChecking(FooterLinksTest.java:20)
at java.base/java.util.ArrayList.forEach(ArrayList.java:1511)
... Removed 27 stack frames]]>
    </failure>
  </testcase> <!-- footerLinksChecking -->
  <testcase classname="RedBus.Tests.SearchBusTest" name="BusSearch" time="7.613"/>
  <testcase classname="RedBus.Tests.SearchBusTest" name="isLogoResent" time="1.231"/>
</testsuite> <!-- Test -->
