<?xml version="1.0" encoding="UTF-8"?>
<!-- Generated by org.testng.reporters.JUnitXMLReporter -->
<testsuite ignored="0" hostname="Gopi-PC" failures="1" tests="1" name="Product Test" time="64.399" errors="0" timestamp="2024-03-10T20:23:23 IST">
  <testcase classname="AmazonProject.Tests.ProductTest" name="verifyProductName" time="35.232">
    <failure type="java.lang.NullPointerException" message="Cannot invoke &amp;quot;org.openqa.selenium.WebElement.click()&amp;quot; because &amp;quot;element&amp;quot; is null">
      <![CDATA[java.lang.NullPointerException: Cannot invoke "org.openqa.selenium.WebElement.click()" because "element" is null
at AmazonProject.PageObjects.ProductCatalogues.selectProductContains(ProductCatalogues.java:26)
at AmazonProject.Tests.ProductTest.verifyProductName(ProductTest.java:15)
at java.base/java.util.ArrayList.forEach(ArrayList.java:1511)
at java.base/java.util.concurrent.FutureTask.run(FutureTask.java:264)
at java.base/java.util.concurrent.ThreadPoolExecutor.runWorker(ThreadPoolExecutor.java:1136)
at java.base/java.util.concurrent.ThreadPoolExecutor$Worker.run(ThreadPoolExecutor.java:635)
at java.base/java.lang.Thread.run(Thread.java:840)
... Removed 17 stack frames]]>
    </failure>
  </testcase> <!-- verifyProductName -->
</testsuite> <!-- Product Test -->
