<?xml version="1.0" encoding="UTF-8"?>
<!-- Generated by org.testng.reporters.JUnitXMLReporter -->
<testsuite ignored="3" hostname="Gopi-PC" failures="1" tests="1" name="Test" time="36.184" errors="0" timestamp="2024-03-11T16:09:53 IST">
  <testcase classname="AmazonProject.Tests.FacebookLoginTest" name="facebookLogin" time="17.659">
    <failure type="java.lang.AssertionError" message="expected [Amazon India123] but found [Amazon India]">
      <![CDATA[java.lang.AssertionError: expected [Amazon India123] but found [Amazon India]
at AmazonProject.Tests.FacebookLoginTest.facebookLogin(FacebookLoginTest.java:17)
at java.base/java.util.ArrayList.forEach(ArrayList.java:1511)
... Removed 33 stack frames]]>
    </failure>
  </testcase> <!-- facebookLogin -->
  <testcase classname="AmazonProject.Tests.ProductTest" name="verifyProductName" time="0.0">
    <ignored/>
  </testcase> <!-- verifyProductName -->
  <testcase classname="AmazonProject.Tests.SignInTest" name="signIn" time="0.0">
    <ignored/>
  </testcase> <!-- signIn -->
  <testcase classname="AmazonProject.Tests.LocationTest" name="locationTest" time="0.0">
    <ignored/>
  </testcase> <!-- locationTest -->
</testsuite> <!-- Test -->
