<?xml version="1.0" encoding="UTF-8"?>
<!-- Generated by org.testng.reporters.JUnitXMLReporter -->
<testsuite ignored="3" hostname="Gopi-PC" failures="1" tests="1" name="Test" time="35.099" errors="0" timestamp="2024-03-11T18:35:12 IST">
  <testcase classname="AmazonProject.Tests.FacebookLoginTest" name="facebookLogin" time="12.516">
    <failure type="java.lang.AssertionError" message="expected [Amazon India] but found [Amazon India123]">
      <![CDATA[java.lang.AssertionError: expected [Amazon India] but found [Amazon India123]
at AmazonProject.Tests.FacebookLoginTest.facebookLogin(FacebookLoginTest.java:17)
at java.base/java.util.ArrayList.forEach(ArrayList.java:1596)
... Removed 35 stack frames]]>
    </failure>
  </testcase> <!-- facebookLogin -->
  <testcase classname="AmazonProject.Tests.LocationTest" name="locationTest" time="0.0">
    <ignored/>
  </testcase> <!-- locationTest -->
  <testcase classname="AmazonProject.Tests.ProductTest" name="verifyProductName" time="0.0">
    <ignored/>
  </testcase> <!-- verifyProductName -->
  <testcase classname="AmazonProject.Tests.SignInTest" name="signIn" time="0.0">
    <ignored/>
  </testcase> <!-- signIn -->
</testsuite> <!-- Test -->
